         w __deregister_frame_info
         w __register_frame_info
         w userAppExit
         w userAppInit
00000000 00000401 B __ctru_dev_path_buf
00000000 a shift
00000000 a shift
00000000 b _TLS_MODULE_BASE_
00000404 00000802 B __ctru_dev_utf16_buf
00100000 A __start__
00100000 T _start
00100008 T __service_ptr
0010000c T __apt_appid
00100010 T __heap_size
00100014 T __linear_heap_size
00100018 T __system_arglist
0010001c T __system_runflags
00100020 t startup
00100058 t ClearMem
0010006c t ClrLoop
00100094 T _init
001000ac T __aeabi_uidiv
001000ac 000001ec T __udivsi3
001000ac t .udivsi3_skip_div0_test
00100298 00000020 T __aeabi_uidivmod
001002b8 T __aeabi_idiv
001002b8 00000220 T __divsi3
001002c0 t .divsi3_skip_div0_test
001004d8 00000020 T __aeabi_idivmod
001004f8 00000004 W __aeabi_idiv0
001004f8 00000004 W __aeabi_ldiv0
001004fc T __aeabi_drsub
00100504 000002b0 T __aeabi_dsub
00100504 000002b0 T __subdf3
00100508 000002ac T __adddf3
00100508 000002ac T __aeabi_dadd
001007b4 00000024 T __aeabi_ui2d
001007b4 00000024 T __floatunsidf
001007d8 00000028 T __aeabi_i2d
001007d8 00000028 T __floatsidf
00100800 00000048 T __aeabi_f2d
00100800 00000048 T __extendsfdf2
00100848 00000074 T __aeabi_ul2d
00100848 00000074 T __floatundidf
0010085c 00000060 T __aeabi_l2d
0010085c 00000060 T __floatdidf
001008bc T __aeabi_ldivmod
00100990 T __aeabi_uldivmod
001009e8 00000390 T strcmp
00100d70 t __do_global_dtors_aux
00100db0 t frame_dummy
00100ddc 0000011c T drawBottomScreen
00100ef8 0000011c T isFoodSpawnValid
00101014 000000ac T spawnFood
001010c0 00000164 T checkCollision
00101224 00000048 T drawFood
0010126c 000000a4 T initSnake
00101310 000000a4 T drawSnake
001013b4 00000080 T moveSnake
00101434 00000124 T input
00101558 000000e8 T drawWalls
00101640 00000060 T drawTopScreen
001016a0 00000088 T saveHighscore
00101728 0000009c T loadHighscore
001017c4 00000030 T initGame
001017f4 000000dc T main
001018d0 00000034 t C2Di_FrameEndHook
00101908 00000330 T C2D_Init
00101c38 00000044 T C2D_Fini
00101c7c 000000d0 T C2D_Prepare
00101d4c 0000003c T C2D_Flush
00101d88 00000108 T C2D_SceneSize
00101e90 00000058 T C2D_CreateScreenTarget
00101ee8 00000058 T C2D_TargetClear
00101f40 00000040 T C2Di_AppendVtx
00101f80 0000022c T C2Di_Update
001021ac 000001b0 T C2D_DrawRectangle
0010235c 000001a8 T C2D_DrawEllipse
00102504 00000018 t C2Di_GlyphComp
0010251c 00000140 t C2Di_CalcLineWidths
0010265c 000001d0 T C2D_TextBufNew
0010282c 0000000c T C2D_TextBufClear
00102838 000001c8 T C2D_TextFontParseLine
00102a00 000000a8 T C2D_TextFontParse
00102aa8 00000014 T C2D_TextParse
00102abc 00000030 T C2D_TextOptimize
00102aec 000010d4 T C2D_DrawText
00103bc0 00000044 T C2D_FontGlyphIndexFromCodePoint
00103c04 00000078 T C2D_FontCalcGlyphPos
00103c7c 00000004 W C3Di_LightEnvUpdate
00103c80 00000004 W C3Di_LightEnvDirty
00103c84 000000b4 t C3Di_AptEventHook
00103d38 00000004 W C3Di_GasUpdate
00103d3c 000001e0 T C3D_Init
00103f1c 00000098 T C3D_SetViewport
00103fb4 000004ec T C3Di_UpdateContext
001044a0 000000e0 T C3Di_SplitFrame
00104580 00000044 T C3D_Fini
001045c4 00000108 T C3D_BindProgram
001046cc 0000004c t onVBlank0
00104718 0000004c t onVBlank1
00104764 00000080 t C3Di_RenderTargetDestroy
001047e4 000000f4 t onQueueFinish
001048d8 00000038 T C3Di_RenderQueueEnableVBlank
00104910 00000030 T C3Di_RenderQueueDisableVBlank
00104940 00000060 T C3Di_RenderQueueInit
001049a0 000000b0 T C3Di_RenderQueueExit
00104a50 00000034 T C3Di_RenderQueueWaitDone
00104a84 000000e4 T C3D_FrameBegin
00104b68 00000048 T C3D_FrameDrawOn
00104bb0 00000058 T C3D_FrameSplit
00104c08 000001d8 T C3D_FrameEnd
00104de0 0000001c T C3D_FrameEndHook
00104dfc 00000128 T C3D_RenderTargetCreate
00104f24 000000a8 T C3D_RenderTargetSetOutput
00104fcc 00000044 T C3D_TexBind
00105010 0000016c T C3Di_SetTex
0010517c 0000001c T C3D_CalcColorBufSize
00105198 0000001c T C3D_CalcDepthBufSize
001051b4 00000044 T C3D_SetFrameBuf
001051f8 0000016c T C3Di_FrameBufBind
00105364 000000cc T C3D_FrameBufClear
00105430 00000044 T C3D_FrameBufTransfer
00105474 00000034 T C3D_GetTexEnv
001054a8 00000024 T C3Di_TexEnvBind
001054cc 00000070 T C3D_ProcTexInit
0010553c 00000054 T C3D_ProcTexBind
00105590 0000005c T C3D_ProcTexLutBind
001055ec 000000a4 T ProcTexLut_FromArray
00105690 0000017c T C3Di_ProcTexUpdate
0010580c 00000068 T C3Di_ProcTexDirty
00105874 00000024 T BufInfo_Init
00105898 00000080 T BufInfo_Add
00105918 00000040 T C3D_SetBufInfo
00105958 00000048 T C3Di_BufInfoBind
001059a0 00000148 T C3D_DrawArrays
00105ae8 00000040 T C3D_DepthMap
00105b28 0000001c T C3D_CullFace
00105b44 00000040 T C3D_StencilTest
00105b84 00000024 T C3D_StencilOp
00105ba8 0000001c T C3D_BlendingColor
00105bc4 00000024 T C3D_EarlyDepthTest
00105be8 0000002c T C3D_DepthTest
00105c14 0000002c T C3D_AlphaTest
00105c40 00000050 T C3D_AlphaBlend
00105c90 00000030 T C3D_FragOpMode
00105cc0 00000044 T C3D_FragOpShadow
00105d04 000001ac T C3Di_EffectBind
00105eb0 00000028 T AttrInfo_Init
00105ed8 00000098 T AttrInfo_AddLoader
00105f70 00000054 T C3D_SetAttrInfo
00105fc4 00000080 T C3Di_AttrInfoBind
00106044 000000a8 T C3D_ImmSendAttrib
001060ec 0000029c T C3D_UpdateUniforms
00106388 000000c0 T C3Di_DirtyUniforms
00106448 000000d8 T C3Di_LoadShaderUniforms
00106520 00000028 T C3Di_ClearShaderUniforms
00106548 000000cc T Mtx_Ortho
00106614 000000cc T Mtx_OrthoTilt
001066e0 00000024 t addrMapNodeComparator(rbtree_node const*, rbtree_node const*)
00106704 00000004 t addrMapNodeDestructor(rbtree_node*)
00106708 00000114 T vramMemAlign
0010681c 00000008 T vramAlloc
00106824 0000005c T vramFree
00106880 00000024 t addrMapNodeComparator(rbtree_node const*, rbtree_node const*)
001068a4 00000004 t addrMapNodeDestructor(rbtree_node*)
001068a8 00000120 T linearMemAlign
001069c8 00000008 T linearAlloc
001069d0 0000005c T linearFree
00106a2c 00000084 T MemPool::CoalesceRight(MemBlock*)
00106ab0 00000170 T MemPool::Allocate(MemChunk&, unsigned long, int)
00106c20 000000fc T MemPool::Deallocate(MemChunk const&)
00106d1c 00000074 T osConvertVirtToPhys
00106d90 00000054 T osGetTimeRef
00106de4 000000e4 T osGetTime
00106ec8 00000074 T __libctru_gtod
00106f3c 00000034 T __ctru_speedup_config
00106f70 0000009c T fontEnsureMapped
0010700c 000000fc T fontGlyphIndexFromCodePoint
00107108 0000006c T fontGetCharWidthInfo
00107174 000001c0 T fontCalcGlyphPos
00107334 000000d0 t gfxPresentFramebuffer
00107404 0000001c T gfxIsWide
00107420 000000ec T gfxSetScreenFormat
0010750c 00000108 T gfxInit
00107614 00000010 T gfxInitDefault
00107624 000000b4 T gfxExit
001076d8 000000a0 T gfxGetFramebuffer
00107778 00000030 T gfxScreenSwapBuffers
001077a8 000001e0 T shaderInstanceInit
00107988 00000018 T shaderInstanceGetUniformLocation
001079a0 0000001c T shaderProgramInit
001079bc 00000064 T shaderProgramFree
00107a20 00000080 T shaderProgramSetVsh
00107aa0 000008c0 T shaderProgramConfigure
00108360 000001f8 t DVLE_GenerateOutmap.part.0
00108558 000001cc T DVLB_ParseFile
00108724 00000038 T DVLB_Free
0010875c 00000074 T DVLE_GetUniformRegister
001087d0 00000010 T GX_BindQueue
001087e0 00000078 T GX_ProcessCommandList
00108858 00000074 T GX_MemoryFill
001088cc 00000070 T GX_DisplayTransfer
0010893c 00000068 t gxCmdQueueDoCommands.part.0
001089a4 000000c8 T gxCmdQueueInterrupt
00108a6c 0000004c T gxCmdQueueClear
00108ab8 000000f8 T gxCmdQueueAdd
00108bb0 00000080 T gxCmdQueueRun
00108c30 00000060 T gxCmdQueueStop
00108c90 00000074 T gxCmdQueueWait
00108d04 0000013c T GPUCMD_Add
00108e40 000000ac T GPUCMD_Split
00108eec 00000040 T f32tof16
00108f2c 00000040 T f32tof24
00108f6c 00000044 T f32tof31
00108fb0 00000c58 t gspHardwareInit
00109c08 00000254 T gspInit
00109e5c 000000f0 T gspExit
00109f4c 00000010 T gspHasGpuRight
00109f5c 00000098 T gspPresentBuffer
00109ff4 00000030 T gspSetEventCallback
0010a024 00000050 T gspWaitForEvent
0010a074 0000004c T gspWaitForAnyEvent
0010a0c0 00000160 t gspEventThreadMain
0010a220 00000130 T gspSubmitGxCommand
0010a350 00000050 T GSPGPU_FlushDataCache
0010a3a0 00000034 T GSPGPU_SetLcdForceBlack
0010a3d4 00000068 T GSPGPU_AcquireRight
0010a43c 00000048 T GSPGPU_ReleaseRight
0010a484 0000007c T GSPGPU_ImportDisplayCaptureInfo
0010a500 0000002c T GSPGPU_SaveVramSysArea
0010a52c 0000002c T GSPGPU_RestoreVramSysArea
0010a558 000001b0 t aptConvertScreenForCapture
0010a708 00000008 W aptDspSleep
0010a710 00000004 W aptDspWakeup
0010a714 00000004 W aptDspCancel
0010a718 0000015c T aptSendCommand
0010a874 00000038 t aptExitProcess
0010a8ac 000002f0 T aptExit
0010ab9c 000000d8 T aptHandleSleep
0010ac74 00000030 T aptHook
0010aca4 00000030 T aptUnhook
0010acd4 00000084 T APT_SleepIfShellClosed
0010ad58 00000084 T aptSetSleepAllowed
0010addc 00000084 T APT_UnlockTransition
0010ae60 00000484 t aptEventHandler
0010b2e4 000000b0 T APT_ReceiveParameter
0010b394 000000b0 t aptReceiveParameter.constprop.0
0010b448 000002bc t aptScreenTransfer
0010b704 000002d0 t aptWaitForWakeUp.isra.0
0010b9d4 000000f8 T aptJumpToHomeMenu
0010bacc 0000004c T aptMainLoop
0010bb18 00000234 T aptInit
0010bd4c 0000007c T APT_CheckNew3DS
0010bdc8 00000048 T APT_GetSharedFont
0010be10 00000024 W hidShouldUseIrrst
0010be34 0000018c T hidInit
0010bfc0 000000e8 T hidExit
0010c0a8 00000294 T hidScanInput
0010c33c 00000010 T hidKeysDown
0010c34c 00000074 T ptmSysmInit
0010c3c0 0000003c T ptmSysmExit
0010c3fc 00000034 T PTMSYSM_ConfigureNew3DSCPU
0010c430 000000c8 T fsInit
0010c4f8 0000003c T fsExit
0010c534 00000060 T fsExemptFromSession
0010c594 00000050 T fsUnexemptFromSession
0010c5e4 000000cc T FSUSER_OpenFile
0010c6b0 000000bc T FSUSER_DeleteFile
0010c76c 000000f8 T FSUSER_RenameFile
0010c864 000000bc T FSUSER_DeleteDirectory
0010c920 000000d4 T FSUSER_CreateFile
0010c9f4 000000c4 T FSUSER_CreateDirectory
0010cab8 000000f8 T FSUSER_RenameDirectory
0010cbb0 000000b4 T FSUSER_OpenDirectory
0010cc64 00000094 T FSUSER_OpenArchive
0010ccf8 0000008c T FSUSER_CloseArchive
0010cd84 00000074 T FSUSER_GetSdmcArchiveResource
0010cdf8 00000064 T FSUSER_IsSdmcWritable
0010ce5c 00000058 T FSFILE_Read
0010ceb4 00000060 T FSFILE_Write
0010cf14 00000038 T FSFILE_GetSize
0010cf4c 00000028 T FSFILE_SetSize
0010cf74 0000003c T FSFILE_Close
0010cfb0 00000024 T FSFILE_Flush
0010cfd4 00000050 T FSDIR_Read
0010d024 0000003c T FSDIR_Close
0010d060 00000010 T rbtree_init
0010d070 000001a0 t do_insert
0010d210 00000008 T rbtree_insert
0010d218 00000090 T rbtree_rotate
0010d2a8 00000338 T rbtree_remove
0010d5e0 00000074 T rbtree_find
0010d654 000000e8 T utf16_to_utf8
0010d73c 00000064 T decode_utf16
0010d7a0 0000013c T decode_utf8
0010d8dc 000000c0 T utf8_to_utf16
0010d9a0 000001e0 W __system_allocateHeaps
0010db80 00000038 W __libctru_init
0010dbb8 000000f0 W __system_initArgv
0010dca8 T svcControlMemory
0010dcc8 T svcQueryMemory
0010dcf8 T svcExitProcess
0010dd00 T svcCreateThread
0010dd20 T svcExitThread
0010dd28 T svcSleepThread
0010dd30 T svcReleaseMutex
0010dd38 T svcCreateEvent
0010dd4c T svcSignalEvent
0010dd54 T svcClearEvent
0010dd5c T svcMapMemoryBlock
0010dd64 T svcUnmapMemoryBlock
0010dd6c T svcCreateAddressArbiter
0010dd80 T svcArbitrateAddressNoTimeout
0010dd88 T svcCloseHandle
0010dd90 T svcWaitSynchronization
0010dd98 T svcWaitSynchronizationN
0010ddc0 T svcDuplicateHandle
0010ddd4 T svcGetSystemTick
0010dddc T svcConnectToPort
0010ddf0 T svcSendSyncRequest
0010ddf8 T svcGetResourceLimit
0010de0c T svcGetResourceLimitLimitValues
0010de14 T svcGetResourceLimitCurrentValues
0010de1c T svcBreak
0010de24 W initSystem
0010de74 W __ctru_exit
0010de8c T __aeabi_read_tp
0010de98 0000000c T __sync_init
0010dea4 00000018 T __sync_fini
0010debc 0000002c T syncArbitrateAddress
0010dee8 0000001c T LightLock_Init
0010df04 00000094 T LightLock_Lock
0010df98 00000044 T LightLock_TryLock
0010dfdc 00000040 T LightLock_Unlock
0010e01c 00000024 T RecursiveLock_Init
0010e040 00000030 T RecursiveLock_Lock
0010e070 00000078 T RecursiveLock_TryLock
0010e0e8 00000054 T RecursiveLock_Unlock
0010e13c 00000040 T LightEvent_Init
0010e17c 000000a4 T LightEvent_Clear
0010e220 000000c8 T LightEvent_Signal
0010e2e8 00000058 T LightEvent_TryWait
0010e340 000000b0 T LightEvent_Wait
0010e3f0 00000084 W envGetHandle
0010e474 00000050 W envDestroyHandles
0010e4c4 00000124 T srvInit
0010e5e8 00000058 T srvExit
0010e640 00000080 T srvGetServiceHandleDirect
0010e6c0 00000048 T srvGetServiceHandle
0010e708 00000038 T srvPublishToSubscriber
0010e740 00000188 T threadCreate
0010e8c8 0000002c T threadFree
0010e8f4 00000024 T threadJoin
0010e918 00000030 T threadGetCurrent
0010e948 00000040 T threadExit
0010e988 00000044 t _thread_begin
0010e9cc 00000094 t mappableFindAddressWithin
0010ea60 00000028 T mappableInit
0010ea88 00000080 T mappableAlloc
0010eb08 00000004 T mappableFree
0010eb0c 00000160 T irrstInit
0010ec6c 000000cc T irrstExit
0010ed38 000000b0 T irrstScanInput
0010ede8 00000024 T irrstKeysHeld
0010ee0c 0000000c T srvPmGetSessionHandle
0010ee18 00000050 T rbtree_node_next
0010ee68 00000060 T encode_utf16
0010eec8 000000fc T encode_utf8
0010efc4 00000030 W __appInit
0010eff4 00000030 t __libctru_nanosleep
0010f024 00000030 t __libctru_get_reent
0010f054 000000f8 T __system_initSyscalls
0010f14c 00000030 W __appExit
0010f17c 00000090 W __libctru_exit
0010f20c 00000014 t archive_link
0010f220 00000014 t archive_dirreset
0010f234 00000014 t archive_chmod
0010f248 00000024 t error_cmp
0010f26c 00000050 t archive_translate_error
0010f2bc 000000d4 t archive_seek
0010f390 0000007c t _archiveInit.part.0
0010f40c 0000008c t archiveFindDevice.part.0
0010f498 00000294 t archive_utf16path
0010f72c 000000a0 t _archiveUnmountDeviceStruct.part.0
0010f7cc 00000014 t archive_fchmod
0010f7e0 00000014 t archive_statvfs
0010f7f4 00000158 t _archiveMountDevice
0010f94c 000000e8 t archive_diropen
0010fa34 000000a4 t archive_fstat
0010fad8 0000006c t archive_close
0010fb44 0000006c t archive_fsync
0010fbb0 00000070 t archive_dirclose
0010fc20 000000e8 t sdmc_statvfs
0010fd08 00000080 t archive_ftruncate
0010fd88 000000fc t archive_chdir
0010fe84 000000b0 t archive_read
0010ff34 000000ac t archive_unlink
0010ffe0 000000c8 t archive_rmdir
001100a8 000000ec t archive_mkdir
00110194 000001a8 t archive_stat
0011033c 00000184 t archive_rename
001104c0 00000168 t archive_dirnext
00110628 0000012c t archive_write
00110754 000001f0 t archive_open
00110944 000001a4 T archiveMountSdmc
00110ae8 00000054 T archiveUnmountAll
00110b3c 000000b8 T ceilf
00110bf4 00000120 T __udivmoddi4
00110d14 00000078 T bsearch
00110d8c 00000028 T calloc
00110db4 000000bc T _calloc_r
00110e70 0000000c T __errno
00110e7c 00000034 T exit
00110eb0 00000160 T _fclose_r
00111010 00000020 T fclose
00111030 00000258 T __sflush_r
00111288 00000094 T _fflush_r
0011131c 00000038 T fflush
00111354 0000000c T _cleanup_r
00111360 00000184 T __sinit
001114e4 00000134 T __sfp
00111618 0000000c T __sfp_lock_acquire
00111624 0000000c T __sfp_lock_release
00111630 0000003c T __libc_fini_array
0011166c 00000140 T _fopen_r
001117ac 00000028 T fopen
001117d4 000000c0 T _fputs_r
00111894 00000028 T fputs
001118bc 000002d4 T _fread_r
00111b90 000000f8 T _malloc_trim_r
00111c88 000002e4 T _free_r
00111f6c 0000003c T fscanf
00111fa8 0000001c T _fseek_r
00111fc4 00000598 T _fseeko_r
0011255c 000004c0 T __sfvwrite_r
00112a1c 00000068 T _fwalk
00112a84 00000070 T _fwalk_reent
00112af4 0000007c T __libc_init_array
00112b70 00000138 T __smakebuf_r
00112ca8 00000028 T memalign
00112cd0 00000150 T _memalign_r
00112e20 00000020 T malloc
00112e40 00000020 T free
00112e60 000007e0 T _malloc_r
00113640 000000e0 T memchr
00113720 0000011c T memcpy
0011383c 00000154 T memmove
00113990 00000118 T memset
00113aa8 0000000c T __malloc_lock
00113ab4 0000000c T __malloc_unlock
00113ac0 00000958 T qsort
00114418 0000001c T srand
00114434 00000044 T rand
00114478 00000028 T realloc
001144a0 00000558 T _realloc_r
001149f8 0000001c t lflush
00114a14 000001ac T __srefill_r
00114bc0 000000cc T snprintf
00114c8c 00000064 T sprintf
00114cf0 00000044 T __sread
00114d34 00000068 T __swrite
00114d9c 00000048 T __sseek
00114de4 00000008 T __sclose
00114dec 0000012c T strchr
00114f18 0000005c T strlen
00114f74 000000ec T strncat
00115060 000000dc T strncmp
0011513c 000000c0 T strncpy
001151fc 00000048 T strnlen
00115244 00000628 t get_arg
00115870 000035b8 T _svfprintf_r
00118e28 0000003c T time
00118e64 00000050 t get_arg
00118eb4 00002be4 T __svfscanf_r
0011ba98 0000003c T _vfscanf_r
0011bad4 00000054 T _wcrtomb_r
0011bb28 00000028 T _wcsrtombs_r
0011bb50 00000154 T __swsetup_r
0011bca4 00000114 T __call_exitprocs
0011bdb8 000001ac t quorem
0011bf68 000012cc T _dtoa_r
0011d234 000000cc T __sflags
0011d300 00000008 T iswspace
0011d308 0000000c T _localeconv_r
0011d314 00000010 T __locale_mb_cur_max
0011d324 00000068 T _mbrtowc_r
0011d38c 000002e4 T __utf8_mbtowc
0011d670 00000088 T _Balloc
0011d6f8 0000001c T _Bfree
0011d714 000000f4 T __multadd
0011d808 00000110 T __s2b
0011d918 00000058 T __hi0bits
0011d970 00000094 T __lo0bits
0011da04 000000a4 T __i2b
0011daa8 00000204 T __multiply
0011dcac 00000120 T __pow5mult
0011ddcc 0000013c T __lshift
0011df08 00000058 T __mcmp
0011df60 000001cc T __mdiff
0011e12c 00000074 T __ulp
0011e1a0 000000d0 T __b2d
0011e270 00000124 T __d2b
0011e394 00000078 T __ratio
0011e40c 00000088 T __copybits
0011e494 0000005c T __any_on
0011e4f0 000000e4 T __sccl
0011e5d4 0000000c T nanf
0011e5e0 000000a8 T frexp
0011e688 000000b8 T stpncpy
0011e740 00001368 T _strtod_l
0011faa8 0000000c T _strtod_r
0011fab4 0000022c t _strtoll_l.constprop.0
0011fce0 00000004 T _strtoll_r
0011fce4 000001a4 t _strtol_l.part.0
0011fe88 0000003c T _strtol_r
0011fec4 00000244 t _strtoull_l.constprop.0
00120108 00000004 T _strtoull_r
0012010c 000001c4 t _strtoul_l.constprop.0
001202d0 00000004 T _strtoul_r
001202d4 00000190 T __ssprint_r
00120464 000000a8 T __submore
0012050c 00000208 T _ungetc_r
00120714 00000190 T _wcsnrtombs_l
001208a4 0000004c T _wcsnrtombs_r
001208f0 000000f0 T __utf8_wctomb
001209e0 00000054 T __assert_func
00120a34 0000003c T fiprintf
00120a70 000000ec t rshift
00120b5c 00000904 T __gethex
00121460 0000004c T __match
001214ac 0000029c T __hexnan
00121748 0000003c T iswspace_l
00121784 000001d4 t __jp2uc
00121958 0000009c T _jp2uc_l
001219f8 00000010 T nan
00121a08 00000628 t get_arg
00122030 00000030 T __sprint_r
00122060 0000233c T _vfiprintf_r
0012439c 000000d4 t __sbprintf
00124470 00000014 T abort
00124484 00000084 T category
00124508 00000098 T _raise_r
001245a0 00000020 T raise
001245c0 00000008 t null_write
001245c8 00000018 T setDefaultDevice
001245e0 000000c8 T FindDevice
001246a8 00000028 T RemoveDevice
001246d0 0000009c T AddDevice
0012476c 00000020 T GetDeviceOpTab
0012478c 00000078 T _fstat_r
00124804 00000014 T _getpid_r
00124818 00000038 T _gettimeofday_r
00124850 00000008 T _isatty_r
00124858 00000014 T _kill_r
0012486c 00000084 T _lseek_r
001248f0 000000c8 T _open_r
001249b8 00000080 T _read_r
00124a38 00000078 T _sbrk_r
00124ab0 00000080 T _write_r
00124b30 00000024 T _exit
00124b54 000001b8 T _concatenate_path
00124d0c 00000160 T chdir
00124e6c 00000060 T mkdir
00124ecc 00000008 T __flockfile
00124ed4 00000008 T __funlockfile
00124edc 00000018 T __libc_lock_acquire
00124ef4 00000018 T __libc_lock_release
00124f0c 00000018 T __libc_lock_init_recursive
00124f24 00000018 T __libc_lock_acquire_recursive
00124f3c 00000018 T __libc_lock_release_recursive
00124f54 00000018 T __libc_lock_close_recursive
00124f6c 0000008c T __release_handle
00124ff8 000000b4 T __alloc_handle
001250ac 0000003c T __get_handle
001250e8 000000f4 T _close_r
001251dc 00000028 T __getreent
00125204 00000038 T __aeabi_d2lz
00125204 00000038 T __fixdfdi
00125240 00000040 T __aeabi_d2ulz
00125240 00000040 T __fixunsdfdi
00125280 00000044 T strrchr
001252c4 T _fini
00126060 R render2d_shbin
001261ec R render2d_shbin_end
001261ec R render2d_shbin_size
001261f0 00000005 r colorFmtSizes
001261f8 00000004 r depthFmtSizes
001261fc 00000010 r CSWTCH.9
00126230 00000008 r morton_x.3
00126238 00000008 r morton_y.2
00126240 00000008 r s_sleepWakeEvents.4
001262a0 00000070 r archive_devoptab
00126310 00000030 r error_table
00126340 00000004 R _global_impure_ptr
00126380 00000010 r blanks.1
00126390 00000010 r zeroes.0
001263a8 00000022 r basefix.0
001263cc 00000101 R _ctype_
001264e0 r .LC2
001265c0 00000028 R __mprec_bigtens
001265e8 000000c8 R __mprec_tens
001266b0 0000000c r p05.0
001266cc 00000014 r fpi.1
001266e0 00000014 r fpinan.0
001266f8 00000028 r tinytens
00126720 0000006c R __action_table
0012678c 00000100 R __chclass
0012688c 0000006c R __state_table
00126980 00000100 R __hexdig
00126a94 000000bc r a1
00126b50 000000bc r a2
00126c0c 0000005b r a3
00126c68 00000070 r a6
00126cd8 000000a2 r a7
00126d7c 00000040 r a8
00126dbc 0000172a r b02cf
001284e8 00001a7c r d02f4
00129f64 0000000c R _C_numeric_locale
00129f70 00000010 r blanks.1
00129f80 00000010 r zeroes.0
00129f90 000031e6 r categories
0012d178 00000070 R dotab_stdnull
0012d1e8 r 
0012d1e8 R __exidx_end
0012d1e8 R __exidx_start
0012e000 00000004 d framerate
0012e004 00000008 d framerateCounter
0012e00c 00000004 d queueLock
0012e010 00000004 d kCount
0012e014 00000004 d kDelay
0012e018 00000004 d kInterval
0012e01c W __stacksize__
0012e020 0000000c d __sfp_recursive_mutex
0012e02c 0000000c d __sinit_recursive_mutex
0012e038 00000004 D _impure_ptr
0012e040 00000460 d impure_data
0012e4a0 00000408 D __malloc_av_
0012e8a8 00000004 D __malloc_sbrk_base
0012e8ac 00000004 D __malloc_trim_threshold
0012e8b0 0000000c d __malloc_recursive_mutex
0012e8bc 0000000c D __atexit_recursive_mutex
0012e8c8 0000016c D __global_locale
0012ea34 00000002 d numempty
0012ea38 00000004 d defaultDevice
0012ea3c 0000008c D devoptab_list
0012eac8 00000400 d _current_working_directory
0012eec8 00000004 d __hndl_lock
0012eecc 0000000c d __stderr_handle
0012eed8 0000000c d __stdin_handle
0012eee4 0000000c d __stdout_handle
0012eef0 00001000 d handles
0012fef8 d _GLOBAL_OFFSET_TABLE_
0012ff04 d __frame_dummy_init_array_entry
0012ff04 D __init_array_start
0012ff04 B __preinit_array_end
0012ff04 B __preinit_array_start
0012ff04 D __tdata_lma
0012ff04 D __tdata_lma_end
0012ff08 d __do_global_dtors_aux_fini_array_entry
0012ff08 D __fini_array_start
0012ff08 D __init_array_end
0012ff0c D __bss_start__
0012ff0c D __fini_array_end
0012ff10 000000a0 B game
0012ffb0 0000000c B food
0012ffbc 00001f58 B snake
00131f14 b completed.1
00131f18 b object.0
00131f30 000005a0 B __C2Di_Context
001324d0 00000040 b s_projBot
00132510 00000040 b s_projTop
00132550 00000004 b uLoc_mdlvMtx
00132554 00000004 b uLoc_projMtx
00132558 00000004 b s_glyphSheets
0013255c 00000004 b s_textScale
00132560 000002d0 B __C3D_Context
00132830 0000000c b hookCookie
00132840 00000010 b cpuTime
00132850 00000004 b firstTarget
00132854 00000008 b frameCounter
0013285c 00000004 b frameEndCb
00132860 00000004 b frameEndCbData
00132868 00000010 b gpuTime
00132878 00000001 b inFrame
00132879 00000001 b inSafeTransfer
0013287a 00000001 b isTopStereo
0013287c 00000004 b lastTarget
00132880 0000000c b linkedTarget
0013288c 00000001 b measureGpuTime
0013288d 00000001 b needSwapBot
0013288e 00000001 b needSwapTop
00132890 00000004 B C3D_BoolUnifs
00132894 00000002 B C3D_BoolUnifsDirty
00132898 00000c00 B C3D_FVUnif
00133498 000000c0 B C3D_FVUnifDirty
00133558 00000020 B C3D_IVUnif
00133578 00000008 B C3D_IVUnifDirty
00133580 000000c0 b C3Di_FVUnifEverDirty
00133640 00000008 b C3Di_IVUnifEverDirty
00133648 00000018 b C3Di_ShaderFVecData
00133660 0000000c b sAddrMap
0013366c 00000008 b sVramPool
00133674 00000008 b sLinearPool
0013367c 0000000c b sAddrMap
00133688 00000001 V __ctru_speedup
0013368c 00000004 B g_sharedFont
00133690 00000004 b sharedFontAddr
00133694 00000004 b gfxBottomFramebufferMaxSize
00133698 00000008 b gfxBottomFramebuffers
001336a0 00000002 b gfxCurBuf
001336a4 00000002 b gfxFramebufferFormats
001336a8 00000002 b gfxIsDoubleBuf
001336aa 00000001 b gfxIsVram
001336ac 00000004 b gfxTopFramebufferMaxSize
001336b0 00000008 b gfxTopFramebuffers
001336b8 00000001 b gfxTopMode
001336bc 00000004 b screenAlloc
001336c0 00000004 b screenFree
001336c4 00000004 b boundQueue
001336c8 00000004 b curQueue
001336cc 00000001 b isActive
001336cd 00000001 b isRunning
001336ce 00000001 b shouldStop
001336d0 00000004 B gpuCmdBuf
001336d4 00000004 B gpuCmdBufOffset
001336d8 00000004 B gpuCmdBufSize
001336dc 00000004 b gspEvent
001336e0 0000001c b gspEventCb
001336fc 0000001c b gspEventCbData
00133718 00000007 b gspEventCbOneShot
00133720 00000004 b gspEventThread
00133724 00000038 b gspEvents
0013375c 00000004 b gspGpuHandle
00133760 00000001 b gspGpuRight
00133764 00000004 b gspLastEvent
00133768 00000004 b gspRefCount
0013376c 00000001 b gspRunEvents
00133770 00000004 b gspSharedMem
00133774 00000004 b gspSharedMemHandle
00133778 00000001 b gspThreadId
00133779 00000001 b aptChainloadFlags
0013377a 00000001 b aptChainloadMediatype
00133780 00000008 b aptChainloadTid
00133788 00000004 b aptEventHandlerThread
0013378c 00000001 b aptEventHandlerThreadQuit
00133790 00000008 b aptEvents
00133798 0000000c b aptFirstHook
001337a4 00000004 b aptFlags
001337a8 00000001 b aptHomeButtonState
001337ac 00000004 b aptLockHandle
001337b0 00000004 b aptMessageFunc
001337b4 00000004 b aptMessageFuncData
001337b8 00001000 b aptParameters
001347b8 00000008 b aptReceiveEvent
001347c0 00000004 b aptRefCount
001347c4 00000008 b aptSleepEvent
001347cc 00000001 b flagInit.1
001347cd 00000001 b flagValue.0
001347d0 00000004 b serviceName.6
001347d4 00000006 b aVec
001347dc 00000004 b cPos
001347e0 00000006 b gRate
001347e8 00000014 B hidEvents
001347fc 00000004 B hidHandle
00134800 00000004 B hidMemHandle
00134804 00000004 b hidRefCount
00134808 00000004 B hidSharedMem
0013480c 00000004 b kDown
00134810 00000004 b kHeld
00134814 00000004 b kOld
00134818 00000004 b kRepeat
0013481c 00000004 b kUp
00134820 00000004 b tPos
00134824 00000001 b usingIrrst
00134828 00000004 b ptmSysmHandle
0013482c 00000004 b ptmSysmRefCount
00134830 00000080 b fsExemptArchives
001348b0 00000004 b fsuHandle
001348b4 00000004 b fsuRefCount
001348b8 00000004 B __ctru_heap
001348bc 00000004 V __ctru_heap_size
001348c0 00000004 B __ctru_linear_heap
001348c4 00000004 V __ctru_linear_heap_size
001348c8 00000004 B __system_retAddr
001348cc 00000004 B __system_argc
001348d0 00000004 B __system_argv
001348d4 b saved_stack
001348dc 00000004 b arbiter
001348e0 00000004 b srvHandle
001348e4 00000004 b srvRefCount
001348e8 00000004 b currentAddr
001348ec 00000004 b maxAddr
001348f0 00000004 b minAddr
001348f4 00000004 b csPos
001348f8 00000004 B irrstEvent
001348fc 00000004 B irrstHandle
00134900 00000004 B irrstMemHandle
00134904 00000004 b irrstRefCount
00134908 00000004 B irrstSharedMem
0013490c 00000004 b kHeld
00134910 00000004 b srvPmHandle
00134914 00000004 b archive_device_cwd
00134918 00000540 b archive_devices
00134e58 00000001 b archive_initialized
00134e5c 00000028 B __malloc_current_mallinfo
00134e84 00000004 B __malloc_max_sbrked_mem
00134e88 00000004 B __malloc_max_total_mem
00134e8c 00000004 B __malloc_top_pad
00134e90 00000004 b heap_start.0
00134e94 00000004 B fake_heap_end
00134e98 00000004 B fake_heap_start
00134e9c 00000400 b temp_cwd
0013529c 00000048 B __syscalls
001352e4 B __tls_start
00135eec B __bss_end__
00135eec A __end__
00135eec B __tls_end
